<?xml version="1.0" encoding="UTF-8" ?>
<testsuites>
  <testsuite errors="0" failures="0" hostname="Matthews-MacBook-Pro.local" id="0" name="ToDoListTest" package="" skipped="0" tests="4" time="0.223" timestamp="2020-11-27T08:41:46">
      <properties>
[...]
</properties>

      <testcase classname="ToDoListTest" name="testAddTask" time="0.001" />

      <testcase classname="ToDoListTest" name="testGetCompletedTasks" time="0.0" />

      <testcase classname="ToDoListTest" name="testgetStatus" time="0.0" />

      <testcase classname="ToDoListTest" name="testRemoveTask" time="0.0" />

      <system-out><![CDATA[]]></system-out>

      <system-err><![CDATA[]]></system-err>

  </testsuite>
</testsuites>
